SF:lib\bloc\counter_state.dart
DA:6,5
DA:10,1
DA:11,2
DA:15,2
DA:19,3
DA:23,2
LF:6
LH:6
end_of_record
SF:lib\bloc\counter_event.dart
DA:4,2
DA:6,0
DA:7,0
DA:11,2
DA:15,2
LF:5
LH:3
end_of_record
SF:lib\bloc\counter_bloc.dart
DA:8,4
DA:9,4
DA:10,4
DA:13,2
DA:14,10
DA:17,1
DA:18,5
LF:7
LH:7
end_of_record
SF:lib\main.dart
DA:7,0
DA:8,0
DA:12,2
DA:14,1
DA:16,1
DA:17,2
DA:18,1
DA:20,1
DA:21,1
LF:9
LH:7
end_of_record
SF:lib\home_page.dart
DA:9,1
DA:16,1
DA:17,1
DA:21,1
DA:23,1
DA:24,1
DA:25,3
DA:26,3
DA:28,1
DA:29,1
DA:31,1
DA:35,1
DA:36,3
DA:37,3
DA:42,1
DA:44,1
DA:45,1
DA:46,2
DA:53,1
DA:54,2
LF:20
LH:20
end_of_record
SF:lib\home_screen.dart
DA:7,1
DA:9,1
DA:10,1
DA:14,1
DA:16,1
DA:17,1
DA:18,1
DA:20,1
DA:21,1
DA:22,2
DA:24,0
DA:25,0
DA:29,1
DA:30,1
DA:31,2
DA:36,1
DA:37,0
LF:17
LH:14
end_of_record
